

Simulacion #1

************************************************************
*  RESOURCE Servidor                                       *
************************************************************
*  Status = BUSSY                                          *
*  Average = 0.8480175738334655                            *
*  Time interval = 0.0 - 2000.0                            *
*  Request = 354                                           *
************************************************************

************************************************************
*  DISCRETE STATISTIC Demora Clientes                      *
************************************************************
*  Min = 0.0                    Max = 70.72278             *
*  Records = 409                                           *
*  Average = 18.277544                                     *
************************************************************

************************************************************
*  DISCRETE STATISTIC Demora Clientes que Abandonan        *
************************************************************
*  Min = 0.0                    Max = 22.673584            *
*  Records = 70                                            *
*  Average = 5.130567                                      *
************************************************************

Simulacion #2

************************************************************
*  RESOURCE Servidor                                       *
************************************************************
*  Status = BUSSY                                          *
*  Average = 0.8709220523834229                            *
*  Time interval = 0.0 - 2000.0                            *
*  Request = 389                                           *
************************************************************

************************************************************
*  DISCRETE STATISTIC Demora Clientes                      *
************************************************************
*  Min = 0.0                    Max = 60.679626            *
*  Records = 449                                           *
*  Average = 14.16578                                      *
************************************************************

************************************************************
*  DISCRETE STATISTIC Demora Clientes que Abandonan        *
************************************************************
*  Min = 0.0                    Max = 12.716187            *
*  Records = 24                                            *
*  Average = 3.7690032                                     *
************************************************************

Simulacion #3

************************************************************
*  RESOURCE Servidor                                       *
************************************************************
*  Status = IDLE                                           *
*  Average = 0.646391155719757                             *
*  Time interval = 0.0 - 2000.0                            *
*  Request = 308                                           *
************************************************************

************************************************************
*  DISCRETE STATISTIC Demora Clientes                      *
************************************************************
*  Min = 0.0                    Max = 43.826416            *
*  Records = 409                                           *
*  Average = 9.098511                                      *
************************************************************

************************************************************
*  DISCRETE STATISTIC Demora Clientes que Abandonan        *
************************************************************
*  Min = 0.0                    Max = 11.165649            *
*  Records = 10                                            *
*  Average = 4.1749144                                     *
************************************************************

Simulacion #4

************************************************************
*  RESOURCE Servidor                                       *
************************************************************
*  Status = IDLE                                           *
*  Average = 0.7583554418087005                            *
*  Time interval = 0.0 - 2000.0                            *
*  Request = 366                                           *
************************************************************

************************************************************
*  DISCRETE STATISTIC Demora Clientes                      *
************************************************************
*  Min = 0.0                    Max = 42.80365             *
*  Records = 449                                           *
*  Average = 10.805783                                     *
************************************************************

************************************************************
*  DISCRETE STATISTIC Demora Clientes que Abandonan        *
************************************************************
*  Min = 0.0                    Max = 16.710938            *
*  Records = 17                                            *
*  Average = 4.720653                                      *
************************************************************

Simulacion #5

************************************************************
*  RESOURCE Servidor                                       *
************************************************************
*  Status = BUSSY                                          *
*  Average = 0.8662568192481994                            *
*  Time interval = 0.0 - 2000.0                            *
*  Request = 342                                           *
************************************************************

************************************************************
*  DISCRETE STATISTIC Demora Clientes                      *
************************************************************
*  Min = 0.0                    Max = 60.76111             *
*  Records = 394                                           *
*  Average = 16.255621                                     *
************************************************************

************************************************************
*  DISCRETE STATISTIC Demora Clientes que Abandonan        *
************************************************************
*  Min = 0.0                    Max = 32.943726            *
*  Records = 62                                            *
*  Average = 6.3782153                                     *
************************************************************

