

Time-shared computer model

Number of terminals 10 to 80 by 10
Mean think time     25.0
Mean service time   0.8
Quantum             0.1
Number of jobs processed 1000

SIMULATION WITH 10
************************************************************
*  DISCRETE STATISTIC Response times                       *
************************************************************
*  Min = 0.015014648            Max = 10.019592            *
*  Records = 1000                                          *
*  Average = 1.3242699                                     *
************************************************************

************************************************************
*  RESOURCE CPU                                            *
************************************************************
*  Status = IDLE                                           *
*  Average = 0.35818299651145935                           *
*  Time interval = 0.0 - 2573.3643                         *
*  Request = 8466                                          *
************************************************************

************************************************************
*  QUEUE Jobs queue to CPU                                 *
************************************************************
*  Time interval = 0.0 - 2573.3643                         *
*  Incoming = 8466                                         *
*  Outcoming = 8466                                        *
*  Current length = 0                                      *
*  Maximal length = 5                                      *
*  Average length = 0.15642349968573596                    *
************************************************************

SIMULATION WITH 20
************************************************************
*  DISCRETE STATISTIC Response times                       *
************************************************************
*  Min = 0.015014648            Max = 22.933365            *
*  Records = 1000                                          *
*  Average = 2.165355                                      *
************************************************************

************************************************************
*  RESOURCE CPU                                            *
************************************************************
*  Status = IDLE                                           *
*  Average = 0.6579646468162537                            *
*  Time interval = 0.0 - 1364.666                          *
*  Request = 8269                                          *
************************************************************

************************************************************
*  QUEUE Jobs queue to CPU                                 *
************************************************************
*  Time interval = 0.0 - 1364.666                          *
*  Incoming = 8270                                         *
*  Outcoming = 8269                                        *
*  Current length = 1                                      *
*  Maximal length = 9                                      *
*  Average length = 0.9291593453201223                     *
************************************************************

SIMULATION WITH 30
************************************************************
*  DISCRETE STATISTIC Response times                       *
************************************************************
*  Min = 0.016418457            Max = 58.916733            *
*  Records = 1000                                          *
*  Average = 5.504633                                      *
************************************************************

************************************************************
*  RESOURCE CPU                                            *
************************************************************
*  Status = IDLE                                           *
*  Average = 0.9140244126319885                            *
*  Time interval = 0.0 - 1030.1522                         *
*  Request = 8634                                          *
************************************************************

************************************************************
*  QUEUE Jobs queue to CPU                                 *
************************************************************
*  Time interval = 0.0 - 1030.1522                         *
*  Incoming = 8638                                         *
*  Outcoming = 8634                                        *
*  Current length = 4                                      *
*  Maximal length = 19                                     *
*  Average length = 4.4531580082248565                     *
************************************************************

SIMULATION WITH 40
************************************************************
*  DISCRETE STATISTIC Response times                       *
************************************************************
*  Min = 0.015851974            Max = 103.32214            *
*  Records = 1000                                          *
*  Average = 12.696083                                     *
************************************************************

************************************************************
*  RESOURCE CPU                                            *
************************************************************
*  Status = IDLE                                           *
*  Average = 0.9975363612174988                            *
*  Time interval = 0.0 - 928.3212                          *
*  Request = 8496                                          *
************************************************************

************************************************************
*  QUEUE Jobs queue to CPU                                 *
************************************************************
*  Time interval = 0.0 - 928.3212                          *
*  Incoming = 8510                                         *
*  Outcoming = 8496                                        *
*  Current length = 14                                     *
*  Maximal length = 27                                     *
*  Average length = 12.901252434264032                     *
************************************************************

SIMULATION WITH 50
************************************************************
*  DISCRETE STATISTIC Response times                       *
************************************************************
*  Min = 0.03324884             Max = 177.92206            *
*  Records = 1000                                          *
*  Average = 24.59294                                      *
************************************************************

************************************************************
*  RESOURCE CPU                                            *
************************************************************
*  Status = IDLE                                           *
*  Average = 0.9981415271759033                            *
*  Time interval = 0.0 - 1000.9167                         *
*  Request = 9131                                          *
************************************************************

************************************************************
*  QUEUE Jobs queue to CPU                                 *
************************************************************
*  Time interval = 0.0 - 1000.9167                         *
*  Incoming = 9150                                         *
*  Outcoming = 9131                                        *
*  Current length = 19                                     *
*  Maximal length = 41                                     *
*  Average length = 23.870920569623706                     *
************************************************************

SIMULATION WITH 60
************************************************************
*  DISCRETE STATISTIC Response times                       *
************************************************************
*  Min = 0.7600626              Max = 205.64621            *
*  Records = 1000                                          *
*  Average = 31.711878                                     *
************************************************************

************************************************************
*  RESOURCE CPU                                            *
************************************************************
*  Status = IDLE                                           *
*  Average = 0.9998087882995605                            *
*  Time interval = 0.0 - 965.8709                          *
*  Request = 8845                                          *
************************************************************

************************************************************
*  QUEUE Jobs queue to CPU                                 *
************************************************************
*  Time interval = 0.0 - 965.8709                          *
*  Incoming = 8877                                         *
*  Outcoming = 8845                                        *
*  Current length = 32                                     *
*  Maximal length = 47                                     *
*  Average length = 32.95749335165604                      *
************************************************************

SIMULATION WITH 70
************************************************************
*  DISCRETE STATISTIC Response times                       *
************************************************************
*  Min = 0.56426907             Max = 335.62836            *
*  Records = 1000                                          *
*  Average = 42.31035                                      *
************************************************************

************************************************************
*  RESOURCE CPU                                            *
************************************************************
*  Status = IDLE                                           *
*  Average = 0.9987115859985352                            *
*  Time interval = 0.0 - 1001.7276                         *
*  Request = 9125                                          *
************************************************************

************************************************************
*  QUEUE Jobs queue to CPU                                 *
************************************************************
*  Time interval = 0.0 - 1001.7276                         *
*  Incoming = 9163                                         *
*  Outcoming = 9125                                        *
*  Current length = 38                                     *
*  Maximal length = 56                                     *
*  Average length = 42.66557644553888                      *
************************************************************

SIMULATION WITH 80
************************************************************
*  DISCRETE STATISTIC Response times                       *
************************************************************
*  Min = 0.6256418              Max = 307.50885            *
*  Records = 1000                                          *
*  Average = 47.54688                                      *
************************************************************

************************************************************
*  RESOURCE CPU                                            *
************************************************************
*  Status = IDLE                                           *
*  Average = 0.9999523162841797                            *
*  Time interval = 0.0 - 952.399                           *
*  Request = 8731                                          *
************************************************************

************************************************************
*  QUEUE Jobs queue to CPU                                 *
************************************************************
*  Time interval = 0.0 - 952.399                           *
*  Incoming = 8780                                         *
*  Outcoming = 8731                                        *
*  Current length = 49                                     *
*  Maximal length = 66                                     *
*  Average length = 51.15839175744189                      *
************************************************************

